2024-05-06 13:59:21,038 INFO  - Log Configuration was overridden by /home/lett/hivemq-ce-2024.3/conf/logback.xml
2024-05-06 13:59:21,008 INFO  - Starting HiveMQ Community Edition Server
2024-05-06 13:59:21,008 INFO  - HiveMQ version: 2024.3
2024-05-06 13:59:21,008 INFO  - HiveMQ home directory: /home/lett/hivemq-ce-2024.3
2024-05-06 13:59:21,128 INFO  - This HiveMQ ID is aPuGG
2024-05-06 13:59:21,896 INFO  - Starting with file persistence mode.
2024-05-06 13:59:22,178 INFO  - Starting HiveMQ extension system.
2024-05-06 13:59:22,197 WARN  - 
################################################################################################################
# This HiveMQ deployment is not secure! You are lacking Authentication and Authorization.                      #
# Right now any MQTT client can connect to the broker with a full set of permissions.                          #
# For production usage, add an appropriate security extension and remove the hivemq-allow-all extension.       #
# You can download security extensions from the HiveMQ Marketplace (https://www.hivemq.com/extensions/).       #
################################################################################################################
2024-05-06 13:59:22,199 INFO  - Extension "Allow All Extension" version 1.0.0 started successfully.
2024-05-06 13:59:22,215 INFO  - Starting TCP listener on address fd00::1 and port 1883
2024-05-06 13:59:22,229 INFO  - Started TCP Listener on address fd00::1 and on port 1883.
2024-05-06 13:59:22,230 INFO  - Started HiveMQ in 1223ms
2024-05-06 16:45:21,443 INFO  - Shutting down HiveMQ. Please wait, this could take a while...
2024-05-06 16:45:23,465 INFO  - Shutting down extension system
2024-05-06 16:45:23,466 INFO  - Extension "Allow All Extension" version 1.0.0 stopped successfully.
2024-05-06 16:45:25,649 INFO  - Shutdown completed.
2024-05-06 21:13:35,224 INFO  - Log Configuration was overridden by /home/lett/hivemq-ce-2024.3/conf/logback.xml
2024-05-06 21:13:35,186 INFO  - Starting HiveMQ Community Edition Server
2024-05-06 21:13:35,187 INFO  - HiveMQ version: 2024.3
2024-05-06 21:13:35,187 INFO  - HiveMQ home directory: /home/lett/hivemq-ce-2024.3
2024-05-06 21:13:35,316 INFO  - This HiveMQ ID is fnuHl
2024-05-06 21:13:35,928 INFO  - Starting with file persistence mode.
2024-05-06 21:13:36,178 INFO  - Starting HiveMQ extension system.
2024-05-06 21:13:36,196 WARN  - 
################################################################################################################
# This HiveMQ deployment is not secure! You are lacking Authentication and Authorization.                      #
# Right now any MQTT client can connect to the broker with a full set of permissions.                          #
# For production usage, add an appropriate security extension and remove the hivemq-allow-all extension.       #
# You can download security extensions from the HiveMQ Marketplace (https://www.hivemq.com/extensions/).       #
################################################################################################################
2024-05-06 21:13:36,197 INFO  - Extension "Allow All Extension" version 1.0.0 started successfully.
2024-05-06 21:13:36,214 INFO  - Starting TCP listener on address fd00::1 and port 1883
2024-05-06 21:13:36,229 INFO  - Started TCP Listener on address fd00::1 and on port 1883.
2024-05-06 21:13:36,229 INFO  - Started HiveMQ in 1044ms
2024-05-06 22:09:16,317 INFO  - Shutting down HiveMQ. Please wait, this could take a while...
2024-05-06 22:09:18,332 INFO  - Shutting down extension system
2024-05-06 22:09:18,334 INFO  - Extension "Allow All Extension" version 1.0.0 stopped successfully.
2024-05-06 22:09:20,549 INFO  - Shutdown completed.
2024-05-06 22:09:22,603 INFO  - Log Configuration was overridden by /home/lett/hivemq-ce-2024.3/conf/logback.xml
2024-05-06 22:09:22,569 INFO  - Starting HiveMQ Community Edition Server
2024-05-06 22:09:22,569 INFO  - HiveMQ version: 2024.3
2024-05-06 22:09:22,569 INFO  - HiveMQ home directory: /home/lett/hivemq-ce-2024.3
2024-05-06 22:09:22,707 INFO  - This HiveMQ ID is TXEpH
2024-05-06 22:09:23,433 INFO  - Starting with file persistence mode.
2024-05-06 22:09:23,757 INFO  - Starting HiveMQ extension system.
2024-05-06 22:09:23,782 WARN  - 
################################################################################################################
# This HiveMQ deployment is not secure! You are lacking Authentication and Authorization.                      #
# Right now any MQTT client can connect to the broker with a full set of permissions.                          #
# For production usage, add an appropriate security extension and remove the hivemq-allow-all extension.       #
# You can download security extensions from the HiveMQ Marketplace (https://www.hivemq.com/extensions/).       #
################################################################################################################
2024-05-06 22:09:23,783 INFO  - Extension "Allow All Extension" version 1.0.0 started successfully.
2024-05-06 22:09:23,808 INFO  - Starting TCP listener on address fd00::1 and port 1883
2024-05-06 22:09:23,833 INFO  - Started TCP Listener on address fd00::1 and on port 1883.
2024-05-06 22:09:23,834 INFO  - Started HiveMQ in 1266ms
2024-05-06 22:53:22,027 INFO  - Shutting down HiveMQ. Please wait, this could take a while...
2024-05-06 22:53:24,058 INFO  - Shutting down extension system
2024-05-06 22:53:24,061 INFO  - Extension "Allow All Extension" version 1.0.0 stopped successfully.
2024-05-06 22:53:26,253 INFO  - Shutdown completed.
