2024-04-25 18:05:54,021 INFO  - Checking for migrations (HiveMQ version 2024.3).
2024-04-25 18:05:54,021 INFO  - Skipping migration because no persistence folder is present.
2024-04-25 18:05:54,021 INFO  - Checking for value migrations (HiveMQ version 2024.3).
2024-04-25 18:05:54,021 INFO  - Skipping migration because no persistence folder is present.
2024-04-25 18:05:54,652 INFO  - Write metadata file: MetaInformation{hivemqVersion='2024.3', clientSessionPersistenceVersion='040000', queuedMessagesPersistenceVersion='040500', subscriptionPersistenceVersion='040000', retainedMessagesPersistenceVersion='040500_R', publishPayloadPersistenceVersion='040500_R', retainedMessagesPersistenceType='FILE_NATIVE', publishPayloadPersistenceType='FILE_NATIVE'}
2024-04-25 18:05:54,659 INFO  - Finished migration.
2024-04-25 18:12:32,267 INFO  - Checking for migrations (HiveMQ version 2024.3).
2024-04-25 18:12:32,268 INFO  - Read metadata file: MetaInformation{hivemqVersion='2024.3', clientSessionPersistenceVersion='040000', queuedMessagesPersistenceVersion='040500', subscriptionPersistenceVersion='040000', retainedMessagesPersistenceVersion='040500_R', publishPayloadPersistenceVersion='040500_R', retainedMessagesPersistenceType='FILE_NATIVE', publishPayloadPersistenceType='FILE_NATIVE'}
2024-04-25 18:12:32,274 INFO  - Nothing to migrate found.
2024-04-25 18:12:32,274 INFO  - Checking for value migrations (HiveMQ version 2024.3).
2024-04-25 18:12:32,274 INFO  - Read metadata file: MetaInformation{hivemqVersion='2024.3', clientSessionPersistenceVersion='040000', queuedMessagesPersistenceVersion='040500', subscriptionPersistenceVersion='040000', retainedMessagesPersistenceVersion='040500_R', publishPayloadPersistenceVersion='040500_R', retainedMessagesPersistenceType='FILE_NATIVE', publishPayloadPersistenceType='FILE_NATIVE'}
2024-04-25 18:12:32,274 INFO  - Nothing to migrate found.
2024-04-25 18:12:32,798 INFO  - Read metadata file: MetaInformation{hivemqVersion='2024.3', clientSessionPersistenceVersion='040000', queuedMessagesPersistenceVersion='040500', subscriptionPersistenceVersion='040000', retainedMessagesPersistenceVersion='040500_R', publishPayloadPersistenceVersion='040500_R', retainedMessagesPersistenceType='FILE_NATIVE', publishPayloadPersistenceType='FILE_NATIVE'}
2024-04-25 18:12:32,800 INFO  - Write metadata file: MetaInformation{hivemqVersion='2024.3', clientSessionPersistenceVersion='040000', queuedMessagesPersistenceVersion='040500', subscriptionPersistenceVersion='040000', retainedMessagesPersistenceVersion='040500_R', publishPayloadPersistenceVersion='040500_R', retainedMessagesPersistenceType='FILE_NATIVE', publishPayloadPersistenceType='FILE_NATIVE'}
2024-04-25 18:12:32,800 INFO  - Finished migration.
2024-04-25 18:18:19,393 INFO  - Checking for migrations (HiveMQ version 2024.3).
2024-04-25 18:18:19,394 INFO  - Read metadata file: MetaInformation{hivemqVersion='2024.3', clientSessionPersistenceVersion='040000', queuedMessagesPersistenceVersion='040500', subscriptionPersistenceVersion='040000', retainedMessagesPersistenceVersion='040500_R', publishPayloadPersistenceVersion='040500_R', retainedMessagesPersistenceType='FILE_NATIVE', publishPayloadPersistenceType='FILE_NATIVE'}
2024-04-25 18:18:19,402 INFO  - Nothing to migrate found.
2024-04-25 18:18:19,402 INFO  - Checking for value migrations (HiveMQ version 2024.3).
2024-04-25 18:18:19,403 INFO  - Read metadata file: MetaInformation{hivemqVersion='2024.3', clientSessionPersistenceVersion='040000', queuedMessagesPersistenceVersion='040500', subscriptionPersistenceVersion='040000', retainedMessagesPersistenceVersion='040500_R', publishPayloadPersistenceVersion='040500_R', retainedMessagesPersistenceType='FILE_NATIVE', publishPayloadPersistenceType='FILE_NATIVE'}
2024-04-25 18:18:19,404 INFO  - Nothing to migrate found.
2024-04-25 18:18:19,940 INFO  - Read metadata file: MetaInformation{hivemqVersion='2024.3', clientSessionPersistenceVersion='040000', queuedMessagesPersistenceVersion='040500', subscriptionPersistenceVersion='040000', retainedMessagesPersistenceVersion='040500_R', publishPayloadPersistenceVersion='040500_R', retainedMessagesPersistenceType='FILE_NATIVE', publishPayloadPersistenceType='FILE_NATIVE'}
2024-04-25 18:18:19,943 INFO  - Write metadata file: MetaInformation{hivemqVersion='2024.3', clientSessionPersistenceVersion='040000', queuedMessagesPersistenceVersion='040500', subscriptionPersistenceVersion='040000', retainedMessagesPersistenceVersion='040500_R', publishPayloadPersistenceVersion='040500_R', retainedMessagesPersistenceType='FILE_NATIVE', publishPayloadPersistenceType='FILE_NATIVE'}
2024-04-25 18:18:19,943 INFO  - Finished migration.
2024-04-25 18:37:21,557 INFO  - Checking for migrations (HiveMQ version 2024.3).
2024-04-25 18:37:21,558 INFO  - Read metadata file: MetaInformation{hivemqVersion='2024.3', clientSessionPersistenceVersion='040000', queuedMessagesPersistenceVersion='040500', subscriptionPersistenceVersion='040000', retainedMessagesPersistenceVersion='040500_R', publishPayloadPersistenceVersion='040500_R', retainedMessagesPersistenceType='FILE_NATIVE', publishPayloadPersistenceType='FILE_NATIVE'}
2024-04-25 18:37:21,565 INFO  - Nothing to migrate found.
2024-04-25 18:37:21,565 INFO  - Checking for value migrations (HiveMQ version 2024.3).
2024-04-25 18:37:21,565 INFO  - Read metadata file: MetaInformation{hivemqVersion='2024.3', clientSessionPersistenceVersion='040000', queuedMessagesPersistenceVersion='040500', subscriptionPersistenceVersion='040000', retainedMessagesPersistenceVersion='040500_R', publishPayloadPersistenceVersion='040500_R', retainedMessagesPersistenceType='FILE_NATIVE', publishPayloadPersistenceType='FILE_NATIVE'}
2024-04-25 18:37:21,565 INFO  - Nothing to migrate found.
2024-04-25 18:37:22,098 INFO  - Read metadata file: MetaInformation{hivemqVersion='2024.3', clientSessionPersistenceVersion='040000', queuedMessagesPersistenceVersion='040500', subscriptionPersistenceVersion='040000', retainedMessagesPersistenceVersion='040500_R', publishPayloadPersistenceVersion='040500_R', retainedMessagesPersistenceType='FILE_NATIVE', publishPayloadPersistenceType='FILE_NATIVE'}
2024-04-25 18:37:22,100 INFO  - Write metadata file: MetaInformation{hivemqVersion='2024.3', clientSessionPersistenceVersion='040000', queuedMessagesPersistenceVersion='040500', subscriptionPersistenceVersion='040000', retainedMessagesPersistenceVersion='040500_R', publishPayloadPersistenceVersion='040500_R', retainedMessagesPersistenceType='FILE_NATIVE', publishPayloadPersistenceType='FILE_NATIVE'}
2024-04-25 18:37:22,100 INFO  - Finished migration.
2024-04-25 18:46:53,372 INFO  - Checking for migrations (HiveMQ version 2024.3).
2024-04-25 18:46:53,373 INFO  - Read metadata file: MetaInformation{hivemqVersion='2024.3', clientSessionPersistenceVersion='040000', queuedMessagesPersistenceVersion='040500', subscriptionPersistenceVersion='040000', retainedMessagesPersistenceVersion='040500_R', publishPayloadPersistenceVersion='040500_R', retainedMessagesPersistenceType='FILE_NATIVE', publishPayloadPersistenceType='FILE_NATIVE'}
2024-04-25 18:46:53,381 INFO  - Nothing to migrate found.
2024-04-25 18:46:53,381 INFO  - Checking for value migrations (HiveMQ version 2024.3).
2024-04-25 18:46:53,381 INFO  - Read metadata file: MetaInformation{hivemqVersion='2024.3', clientSessionPersistenceVersion='040000', queuedMessagesPersistenceVersion='040500', subscriptionPersistenceVersion='040000', retainedMessagesPersistenceVersion='040500_R', publishPayloadPersistenceVersion='040500_R', retainedMessagesPersistenceType='FILE_NATIVE', publishPayloadPersistenceType='FILE_NATIVE'}
2024-04-25 18:46:53,381 INFO  - Nothing to migrate found.
2024-04-25 18:46:53,959 INFO  - Read metadata file: MetaInformation{hivemqVersion='2024.3', clientSessionPersistenceVersion='040000', queuedMessagesPersistenceVersion='040500', subscriptionPersistenceVersion='040000', retainedMessagesPersistenceVersion='040500_R', publishPayloadPersistenceVersion='040500_R', retainedMessagesPersistenceType='FILE_NATIVE', publishPayloadPersistenceType='FILE_NATIVE'}
2024-04-25 18:46:53,962 INFO  - Write metadata file: MetaInformation{hivemqVersion='2024.3', clientSessionPersistenceVersion='040000', queuedMessagesPersistenceVersion='040500', subscriptionPersistenceVersion='040000', retainedMessagesPersistenceVersion='040500_R', publishPayloadPersistenceVersion='040500_R', retainedMessagesPersistenceType='FILE_NATIVE', publishPayloadPersistenceType='FILE_NATIVE'}
2024-04-25 18:46:53,962 INFO  - Finished migration.
2024-04-25 19:04:06,826 INFO  - Checking for migrations (HiveMQ version 2024.3).
2024-04-25 19:04:06,827 INFO  - Read metadata file: MetaInformation{hivemqVersion='2024.3', clientSessionPersistenceVersion='040000', queuedMessagesPersistenceVersion='040500', subscriptionPersistenceVersion='040000', retainedMessagesPersistenceVersion='040500_R', publishPayloadPersistenceVersion='040500_R', retainedMessagesPersistenceType='FILE_NATIVE', publishPayloadPersistenceType='FILE_NATIVE'}
2024-04-25 19:04:06,835 INFO  - Nothing to migrate found.
2024-04-25 19:04:06,835 INFO  - Checking for value migrations (HiveMQ version 2024.3).
2024-04-25 19:04:06,835 INFO  - Read metadata file: MetaInformation{hivemqVersion='2024.3', clientSessionPersistenceVersion='040000', queuedMessagesPersistenceVersion='040500', subscriptionPersistenceVersion='040000', retainedMessagesPersistenceVersion='040500_R', publishPayloadPersistenceVersion='040500_R', retainedMessagesPersistenceType='FILE_NATIVE', publishPayloadPersistenceType='FILE_NATIVE'}
2024-04-25 19:04:06,835 INFO  - Nothing to migrate found.
2024-04-25 19:04:07,405 INFO  - Read metadata file: MetaInformation{hivemqVersion='2024.3', clientSessionPersistenceVersion='040000', queuedMessagesPersistenceVersion='040500', subscriptionPersistenceVersion='040000', retainedMessagesPersistenceVersion='040500_R', publishPayloadPersistenceVersion='040500_R', retainedMessagesPersistenceType='FILE_NATIVE', publishPayloadPersistenceType='FILE_NATIVE'}
2024-04-25 19:04:07,407 INFO  - Write metadata file: MetaInformation{hivemqVersion='2024.3', clientSessionPersistenceVersion='040000', queuedMessagesPersistenceVersion='040500', subscriptionPersistenceVersion='040000', retainedMessagesPersistenceVersion='040500_R', publishPayloadPersistenceVersion='040500_R', retainedMessagesPersistenceType='FILE_NATIVE', publishPayloadPersistenceType='FILE_NATIVE'}
2024-04-25 19:04:07,407 INFO  - Finished migration.
2024-04-25 19:06:22,636 INFO  - Checking for migrations (HiveMQ version 2024.3).
2024-04-25 19:06:22,637 INFO  - Read metadata file: MetaInformation{hivemqVersion='2024.3', clientSessionPersistenceVersion='040000', queuedMessagesPersistenceVersion='040500', subscriptionPersistenceVersion='040000', retainedMessagesPersistenceVersion='040500_R', publishPayloadPersistenceVersion='040500_R', retainedMessagesPersistenceType='FILE_NATIVE', publishPayloadPersistenceType='FILE_NATIVE'}
2024-04-25 19:06:22,649 INFO  - Nothing to migrate found.
2024-04-25 19:06:22,649 INFO  - Checking for value migrations (HiveMQ version 2024.3).
2024-04-25 19:06:22,650 INFO  - Read metadata file: MetaInformation{hivemqVersion='2024.3', clientSessionPersistenceVersion='040000', queuedMessagesPersistenceVersion='040500', subscriptionPersistenceVersion='040000', retainedMessagesPersistenceVersion='040500_R', publishPayloadPersistenceVersion='040500_R', retainedMessagesPersistenceType='FILE_NATIVE', publishPayloadPersistenceType='FILE_NATIVE'}
2024-04-25 19:06:22,650 INFO  - Nothing to migrate found.
2024-04-25 19:06:23,247 INFO  - Read metadata file: MetaInformation{hivemqVersion='2024.3', clientSessionPersistenceVersion='040000', queuedMessagesPersistenceVersion='040500', subscriptionPersistenceVersion='040000', retainedMessagesPersistenceVersion='040500_R', publishPayloadPersistenceVersion='040500_R', retainedMessagesPersistenceType='FILE_NATIVE', publishPayloadPersistenceType='FILE_NATIVE'}
2024-04-25 19:06:23,250 INFO  - Write metadata file: MetaInformation{hivemqVersion='2024.3', clientSessionPersistenceVersion='040000', queuedMessagesPersistenceVersion='040500', subscriptionPersistenceVersion='040000', retainedMessagesPersistenceVersion='040500_R', publishPayloadPersistenceVersion='040500_R', retainedMessagesPersistenceType='FILE_NATIVE', publishPayloadPersistenceType='FILE_NATIVE'}
2024-04-25 19:06:23,251 INFO  - Finished migration.
2024-04-25 19:10:42,024 INFO  - Checking for migrations (HiveMQ version 2024.3).
2024-04-25 19:10:42,025 INFO  - Read metadata file: MetaInformation{hivemqVersion='2024.3', clientSessionPersistenceVersion='040000', queuedMessagesPersistenceVersion='040500', subscriptionPersistenceVersion='040000', retainedMessagesPersistenceVersion='040500_R', publishPayloadPersistenceVersion='040500_R', retainedMessagesPersistenceType='FILE_NATIVE', publishPayloadPersistenceType='FILE_NATIVE'}
2024-04-25 19:10:42,032 INFO  - Nothing to migrate found.
2024-04-25 19:10:42,032 INFO  - Checking for value migrations (HiveMQ version 2024.3).
2024-04-25 19:10:42,032 INFO  - Read metadata file: MetaInformation{hivemqVersion='2024.3', clientSessionPersistenceVersion='040000', queuedMessagesPersistenceVersion='040500', subscriptionPersistenceVersion='040000', retainedMessagesPersistenceVersion='040500_R', publishPayloadPersistenceVersion='040500_R', retainedMessagesPersistenceType='FILE_NATIVE', publishPayloadPersistenceType='FILE_NATIVE'}
2024-04-25 19:10:42,032 INFO  - Nothing to migrate found.
2024-04-25 19:10:42,574 INFO  - Read metadata file: MetaInformation{hivemqVersion='2024.3', clientSessionPersistenceVersion='040000', queuedMessagesPersistenceVersion='040500', subscriptionPersistenceVersion='040000', retainedMessagesPersistenceVersion='040500_R', publishPayloadPersistenceVersion='040500_R', retainedMessagesPersistenceType='FILE_NATIVE', publishPayloadPersistenceType='FILE_NATIVE'}
2024-04-25 19:10:42,577 INFO  - Write metadata file: MetaInformation{hivemqVersion='2024.3', clientSessionPersistenceVersion='040000', queuedMessagesPersistenceVersion='040500', subscriptionPersistenceVersion='040000', retainedMessagesPersistenceVersion='040500_R', publishPayloadPersistenceVersion='040500_R', retainedMessagesPersistenceType='FILE_NATIVE', publishPayloadPersistenceType='FILE_NATIVE'}
2024-04-25 19:10:42,577 INFO  - Finished migration.
2024-04-25 19:10:50,926 INFO  - Checking for migrations (HiveMQ version 2024.3).
2024-04-25 19:10:50,927 INFO  - Read metadata file: MetaInformation{hivemqVersion='2024.3', clientSessionPersistenceVersion='040000', queuedMessagesPersistenceVersion='040500', subscriptionPersistenceVersion='040000', retainedMessagesPersistenceVersion='040500_R', publishPayloadPersistenceVersion='040500_R', retainedMessagesPersistenceType='FILE_NATIVE', publishPayloadPersistenceType='FILE_NATIVE'}
2024-04-25 19:10:50,934 INFO  - Nothing to migrate found.
2024-04-25 19:10:50,934 INFO  - Checking for value migrations (HiveMQ version 2024.3).
2024-04-25 19:10:50,934 INFO  - Read metadata file: MetaInformation{hivemqVersion='2024.3', clientSessionPersistenceVersion='040000', queuedMessagesPersistenceVersion='040500', subscriptionPersistenceVersion='040000', retainedMessagesPersistenceVersion='040500_R', publishPayloadPersistenceVersion='040500_R', retainedMessagesPersistenceType='FILE_NATIVE', publishPayloadPersistenceType='FILE_NATIVE'}
2024-04-25 19:10:50,934 INFO  - Nothing to migrate found.
2024-04-25 19:10:51,438 INFO  - Read metadata file: MetaInformation{hivemqVersion='2024.3', clientSessionPersistenceVersion='040000', queuedMessagesPersistenceVersion='040500', subscriptionPersistenceVersion='040000', retainedMessagesPersistenceVersion='040500_R', publishPayloadPersistenceVersion='040500_R', retainedMessagesPersistenceType='FILE_NATIVE', publishPayloadPersistenceType='FILE_NATIVE'}
2024-04-25 19:10:51,440 INFO  - Write metadata file: MetaInformation{hivemqVersion='2024.3', clientSessionPersistenceVersion='040000', queuedMessagesPersistenceVersion='040500', subscriptionPersistenceVersion='040000', retainedMessagesPersistenceVersion='040500_R', publishPayloadPersistenceVersion='040500_R', retainedMessagesPersistenceType='FILE_NATIVE', publishPayloadPersistenceType='FILE_NATIVE'}
2024-04-25 19:10:51,441 INFO  - Finished migration.
2024-04-25 19:12:18,599 INFO  - Checking for migrations (HiveMQ version 2024.3).
2024-04-25 19:12:18,600 INFO  - Read metadata file: MetaInformation{hivemqVersion='2024.3', clientSessionPersistenceVersion='040000', queuedMessagesPersistenceVersion='040500', subscriptionPersistenceVersion='040000', retainedMessagesPersistenceVersion='040500_R', publishPayloadPersistenceVersion='040500_R', retainedMessagesPersistenceType='FILE_NATIVE', publishPayloadPersistenceType='FILE_NATIVE'}
2024-04-25 19:12:18,606 INFO  - Nothing to migrate found.
2024-04-25 19:12:18,606 INFO  - Checking for value migrations (HiveMQ version 2024.3).
2024-04-25 19:12:18,606 INFO  - Read metadata file: MetaInformation{hivemqVersion='2024.3', clientSessionPersistenceVersion='040000', queuedMessagesPersistenceVersion='040500', subscriptionPersistenceVersion='040000', retainedMessagesPersistenceVersion='040500_R', publishPayloadPersistenceVersion='040500_R', retainedMessagesPersistenceType='FILE_NATIVE', publishPayloadPersistenceType='FILE_NATIVE'}
2024-04-25 19:12:18,606 INFO  - Nothing to migrate found.
2024-04-25 19:12:19,108 INFO  - Read metadata file: MetaInformation{hivemqVersion='2024.3', clientSessionPersistenceVersion='040000', queuedMessagesPersistenceVersion='040500', subscriptionPersistenceVersion='040000', retainedMessagesPersistenceVersion='040500_R', publishPayloadPersistenceVersion='040500_R', retainedMessagesPersistenceType='FILE_NATIVE', publishPayloadPersistenceType='FILE_NATIVE'}
2024-04-25 19:12:19,111 INFO  - Write metadata file: MetaInformation{hivemqVersion='2024.3', clientSessionPersistenceVersion='040000', queuedMessagesPersistenceVersion='040500', subscriptionPersistenceVersion='040000', retainedMessagesPersistenceVersion='040500_R', publishPayloadPersistenceVersion='040500_R', retainedMessagesPersistenceType='FILE_NATIVE', publishPayloadPersistenceType='FILE_NATIVE'}
2024-04-25 19:12:19,111 INFO  - Finished migration.
2024-04-25 19:13:39,260 INFO  - Checking for migrations (HiveMQ version 2024.3).
2024-04-25 19:13:39,261 INFO  - Read metadata file: MetaInformation{hivemqVersion='2024.3', clientSessionPersistenceVersion='040000', queuedMessagesPersistenceVersion='040500', subscriptionPersistenceVersion='040000', retainedMessagesPersistenceVersion='040500_R', publishPayloadPersistenceVersion='040500_R', retainedMessagesPersistenceType='FILE_NATIVE', publishPayloadPersistenceType='FILE_NATIVE'}
2024-04-25 19:13:39,267 INFO  - Nothing to migrate found.
2024-04-25 19:13:39,267 INFO  - Checking for value migrations (HiveMQ version 2024.3).
2024-04-25 19:13:39,267 INFO  - Read metadata file: MetaInformation{hivemqVersion='2024.3', clientSessionPersistenceVersion='040000', queuedMessagesPersistenceVersion='040500', subscriptionPersistenceVersion='040000', retainedMessagesPersistenceVersion='040500_R', publishPayloadPersistenceVersion='040500_R', retainedMessagesPersistenceType='FILE_NATIVE', publishPayloadPersistenceType='FILE_NATIVE'}
2024-04-25 19:13:39,267 INFO  - Nothing to migrate found.
2024-04-25 19:13:39,796 INFO  - Read metadata file: MetaInformation{hivemqVersion='2024.3', clientSessionPersistenceVersion='040000', queuedMessagesPersistenceVersion='040500', subscriptionPersistenceVersion='040000', retainedMessagesPersistenceVersion='040500_R', publishPayloadPersistenceVersion='040500_R', retainedMessagesPersistenceType='FILE_NATIVE', publishPayloadPersistenceType='FILE_NATIVE'}
2024-04-25 19:13:39,797 INFO  - Write metadata file: MetaInformation{hivemqVersion='2024.3', clientSessionPersistenceVersion='040000', queuedMessagesPersistenceVersion='040500', subscriptionPersistenceVersion='040000', retainedMessagesPersistenceVersion='040500_R', publishPayloadPersistenceVersion='040500_R', retainedMessagesPersistenceType='FILE_NATIVE', publishPayloadPersistenceType='FILE_NATIVE'}
2024-04-25 19:13:39,797 INFO  - Finished migration.
2024-04-25 19:14:58,326 INFO  - Checking for migrations (HiveMQ version 2024.3).
2024-04-25 19:14:58,327 INFO  - Read metadata file: MetaInformation{hivemqVersion='2024.3', clientSessionPersistenceVersion='040000', queuedMessagesPersistenceVersion='040500', subscriptionPersistenceVersion='040000', retainedMessagesPersistenceVersion='040500_R', publishPayloadPersistenceVersion='040500_R', retainedMessagesPersistenceType='FILE_NATIVE', publishPayloadPersistenceType='FILE_NATIVE'}
2024-04-25 19:14:58,334 INFO  - Nothing to migrate found.
2024-04-25 19:14:58,334 INFO  - Checking for value migrations (HiveMQ version 2024.3).
2024-04-25 19:14:58,334 INFO  - Read metadata file: MetaInformation{hivemqVersion='2024.3', clientSessionPersistenceVersion='040000', queuedMessagesPersistenceVersion='040500', subscriptionPersistenceVersion='040000', retainedMessagesPersistenceVersion='040500_R', publishPayloadPersistenceVersion='040500_R', retainedMessagesPersistenceType='FILE_NATIVE', publishPayloadPersistenceType='FILE_NATIVE'}
2024-04-25 19:14:58,334 INFO  - Nothing to migrate found.
2024-04-25 19:14:58,824 INFO  - Read metadata file: MetaInformation{hivemqVersion='2024.3', clientSessionPersistenceVersion='040000', queuedMessagesPersistenceVersion='040500', subscriptionPersistenceVersion='040000', retainedMessagesPersistenceVersion='040500_R', publishPayloadPersistenceVersion='040500_R', retainedMessagesPersistenceType='FILE_NATIVE', publishPayloadPersistenceType='FILE_NATIVE'}
2024-04-25 19:14:58,826 INFO  - Write metadata file: MetaInformation{hivemqVersion='2024.3', clientSessionPersistenceVersion='040000', queuedMessagesPersistenceVersion='040500', subscriptionPersistenceVersion='040000', retainedMessagesPersistenceVersion='040500_R', publishPayloadPersistenceVersion='040500_R', retainedMessagesPersistenceType='FILE_NATIVE', publishPayloadPersistenceType='FILE_NATIVE'}
2024-04-25 19:14:58,826 INFO  - Finished migration.
2024-04-25 19:20:52,003 INFO  - Checking for migrations (HiveMQ version 2024.3).
2024-04-25 19:20:52,004 INFO  - Read metadata file: MetaInformation{hivemqVersion='2024.3', clientSessionPersistenceVersion='040000', queuedMessagesPersistenceVersion='040500', subscriptionPersistenceVersion='040000', retainedMessagesPersistenceVersion='040500_R', publishPayloadPersistenceVersion='040500_R', retainedMessagesPersistenceType='FILE_NATIVE', publishPayloadPersistenceType='FILE_NATIVE'}
2024-04-25 19:20:52,010 INFO  - Nothing to migrate found.
2024-04-25 19:20:52,010 INFO  - Checking for value migrations (HiveMQ version 2024.3).
2024-04-25 19:20:52,010 INFO  - Read metadata file: MetaInformation{hivemqVersion='2024.3', clientSessionPersistenceVersion='040000', queuedMessagesPersistenceVersion='040500', subscriptionPersistenceVersion='040000', retainedMessagesPersistenceVersion='040500_R', publishPayloadPersistenceVersion='040500_R', retainedMessagesPersistenceType='FILE_NATIVE', publishPayloadPersistenceType='FILE_NATIVE'}
2024-04-25 19:20:52,010 INFO  - Nothing to migrate found.
2024-04-25 19:20:52,511 INFO  - Read metadata file: MetaInformation{hivemqVersion='2024.3', clientSessionPersistenceVersion='040000', queuedMessagesPersistenceVersion='040500', subscriptionPersistenceVersion='040000', retainedMessagesPersistenceVersion='040500_R', publishPayloadPersistenceVersion='040500_R', retainedMessagesPersistenceType='FILE_NATIVE', publishPayloadPersistenceType='FILE_NATIVE'}
2024-04-25 19:20:52,512 INFO  - Write metadata file: MetaInformation{hivemqVersion='2024.3', clientSessionPersistenceVersion='040000', queuedMessagesPersistenceVersion='040500', subscriptionPersistenceVersion='040000', retainedMessagesPersistenceVersion='040500_R', publishPayloadPersistenceVersion='040500_R', retainedMessagesPersistenceType='FILE_NATIVE', publishPayloadPersistenceType='FILE_NATIVE'}
2024-04-25 19:20:52,513 INFO  - Finished migration.
2024-05-03 09:11:29,052 INFO  - Checking for migrations (HiveMQ version 2024.3).
2024-05-03 09:11:29,053 INFO  - Read metadata file: MetaInformation{hivemqVersion='2024.3', clientSessionPersistenceVersion='040000', queuedMessagesPersistenceVersion='040500', subscriptionPersistenceVersion='040000', retainedMessagesPersistenceVersion='040500_R', publishPayloadPersistenceVersion='040500_R', retainedMessagesPersistenceType='FILE_NATIVE', publishPayloadPersistenceType='FILE_NATIVE'}
2024-05-03 09:11:29,059 INFO  - Nothing to migrate found.
2024-05-03 09:11:29,059 INFO  - Checking for value migrations (HiveMQ version 2024.3).
2024-05-03 09:11:29,059 INFO  - Read metadata file: MetaInformation{hivemqVersion='2024.3', clientSessionPersistenceVersion='040000', queuedMessagesPersistenceVersion='040500', subscriptionPersistenceVersion='040000', retainedMessagesPersistenceVersion='040500_R', publishPayloadPersistenceVersion='040500_R', retainedMessagesPersistenceType='FILE_NATIVE', publishPayloadPersistenceType='FILE_NATIVE'}
2024-05-03 09:11:29,059 INFO  - Nothing to migrate found.
2024-05-03 09:11:29,561 INFO  - Read metadata file: MetaInformation{hivemqVersion='2024.3', clientSessionPersistenceVersion='040000', queuedMessagesPersistenceVersion='040500', subscriptionPersistenceVersion='040000', retainedMessagesPersistenceVersion='040500_R', publishPayloadPersistenceVersion='040500_R', retainedMessagesPersistenceType='FILE_NATIVE', publishPayloadPersistenceType='FILE_NATIVE'}
2024-05-03 09:11:29,563 INFO  - Write metadata file: MetaInformation{hivemqVersion='2024.3', clientSessionPersistenceVersion='040000', queuedMessagesPersistenceVersion='040500', subscriptionPersistenceVersion='040000', retainedMessagesPersistenceVersion='040500_R', publishPayloadPersistenceVersion='040500_R', retainedMessagesPersistenceType='FILE_NATIVE', publishPayloadPersistenceType='FILE_NATIVE'}
2024-05-03 09:11:29,563 INFO  - Finished migration.
2024-05-03 09:13:39,553 INFO  - Checking for migrations (HiveMQ version 2024.3).
2024-05-03 09:13:39,554 INFO  - Read metadata file: MetaInformation{hivemqVersion='2024.3', clientSessionPersistenceVersion='040000', queuedMessagesPersistenceVersion='040500', subscriptionPersistenceVersion='040000', retainedMessagesPersistenceVersion='040500_R', publishPayloadPersistenceVersion='040500_R', retainedMessagesPersistenceType='FILE_NATIVE', publishPayloadPersistenceType='FILE_NATIVE'}
2024-05-03 09:13:39,560 INFO  - Nothing to migrate found.
2024-05-03 09:13:39,561 INFO  - Checking for value migrations (HiveMQ version 2024.3).
2024-05-03 09:13:39,561 INFO  - Read metadata file: MetaInformation{hivemqVersion='2024.3', clientSessionPersistenceVersion='040000', queuedMessagesPersistenceVersion='040500', subscriptionPersistenceVersion='040000', retainedMessagesPersistenceVersion='040500_R', publishPayloadPersistenceVersion='040500_R', retainedMessagesPersistenceType='FILE_NATIVE', publishPayloadPersistenceType='FILE_NATIVE'}
2024-05-03 09:13:39,561 INFO  - Nothing to migrate found.
2024-05-03 09:13:40,102 INFO  - Read metadata file: MetaInformation{hivemqVersion='2024.3', clientSessionPersistenceVersion='040000', queuedMessagesPersistenceVersion='040500', subscriptionPersistenceVersion='040000', retainedMessagesPersistenceVersion='040500_R', publishPayloadPersistenceVersion='040500_R', retainedMessagesPersistenceType='FILE_NATIVE', publishPayloadPersistenceType='FILE_NATIVE'}
2024-05-03 09:13:40,104 INFO  - Write metadata file: MetaInformation{hivemqVersion='2024.3', clientSessionPersistenceVersion='040000', queuedMessagesPersistenceVersion='040500', subscriptionPersistenceVersion='040000', retainedMessagesPersistenceVersion='040500_R', publishPayloadPersistenceVersion='040500_R', retainedMessagesPersistenceType='FILE_NATIVE', publishPayloadPersistenceType='FILE_NATIVE'}
2024-05-03 09:13:40,104 INFO  - Finished migration.
2024-05-03 09:30:15,794 INFO  - Checking for migrations (HiveMQ version 2024.3).
2024-05-03 09:30:15,795 INFO  - Read metadata file: MetaInformation{hivemqVersion='2024.3', clientSessionPersistenceVersion='040000', queuedMessagesPersistenceVersion='040500', subscriptionPersistenceVersion='040000', retainedMessagesPersistenceVersion='040500_R', publishPayloadPersistenceVersion='040500_R', retainedMessagesPersistenceType='FILE_NATIVE', publishPayloadPersistenceType='FILE_NATIVE'}
2024-05-03 09:30:15,804 INFO  - Nothing to migrate found.
2024-05-03 09:30:15,804 INFO  - Checking for value migrations (HiveMQ version 2024.3).
2024-05-03 09:30:15,805 INFO  - Read metadata file: MetaInformation{hivemqVersion='2024.3', clientSessionPersistenceVersion='040000', queuedMessagesPersistenceVersion='040500', subscriptionPersistenceVersion='040000', retainedMessagesPersistenceVersion='040500_R', publishPayloadPersistenceVersion='040500_R', retainedMessagesPersistenceType='FILE_NATIVE', publishPayloadPersistenceType='FILE_NATIVE'}
2024-05-03 09:30:15,805 INFO  - Nothing to migrate found.
2024-05-03 09:30:16,452 INFO  - Read metadata file: MetaInformation{hivemqVersion='2024.3', clientSessionPersistenceVersion='040000', queuedMessagesPersistenceVersion='040500', subscriptionPersistenceVersion='040000', retainedMessagesPersistenceVersion='040500_R', publishPayloadPersistenceVersion='040500_R', retainedMessagesPersistenceType='FILE_NATIVE', publishPayloadPersistenceType='FILE_NATIVE'}
2024-05-03 09:30:16,454 INFO  - Write metadata file: MetaInformation{hivemqVersion='2024.3', clientSessionPersistenceVersion='040000', queuedMessagesPersistenceVersion='040500', subscriptionPersistenceVersion='040000', retainedMessagesPersistenceVersion='040500_R', publishPayloadPersistenceVersion='040500_R', retainedMessagesPersistenceType='FILE_NATIVE', publishPayloadPersistenceType='FILE_NATIVE'}
2024-05-03 09:30:16,454 INFO  - Finished migration.
2024-05-03 11:04:33,138 INFO  - Checking for migrations (HiveMQ version 2024.3).
2024-05-03 11:04:33,139 INFO  - Read metadata file: MetaInformation{hivemqVersion='2024.3', clientSessionPersistenceVersion='040000', queuedMessagesPersistenceVersion='040500', subscriptionPersistenceVersion='040000', retainedMessagesPersistenceVersion='040500_R', publishPayloadPersistenceVersion='040500_R', retainedMessagesPersistenceType='FILE_NATIVE', publishPayloadPersistenceType='FILE_NATIVE'}
2024-05-03 11:04:33,145 INFO  - Nothing to migrate found.
2024-05-03 11:04:33,145 INFO  - Checking for value migrations (HiveMQ version 2024.3).
2024-05-03 11:04:33,145 INFO  - Read metadata file: MetaInformation{hivemqVersion='2024.3', clientSessionPersistenceVersion='040000', queuedMessagesPersistenceVersion='040500', subscriptionPersistenceVersion='040000', retainedMessagesPersistenceVersion='040500_R', publishPayloadPersistenceVersion='040500_R', retainedMessagesPersistenceType='FILE_NATIVE', publishPayloadPersistenceType='FILE_NATIVE'}
2024-05-03 11:04:33,145 INFO  - Nothing to migrate found.
2024-05-03 11:04:33,738 INFO  - Read metadata file: MetaInformation{hivemqVersion='2024.3', clientSessionPersistenceVersion='040000', queuedMessagesPersistenceVersion='040500', subscriptionPersistenceVersion='040000', retainedMessagesPersistenceVersion='040500_R', publishPayloadPersistenceVersion='040500_R', retainedMessagesPersistenceType='FILE_NATIVE', publishPayloadPersistenceType='FILE_NATIVE'}
2024-05-03 11:04:33,740 INFO  - Write metadata file: MetaInformation{hivemqVersion='2024.3', clientSessionPersistenceVersion='040000', queuedMessagesPersistenceVersion='040500', subscriptionPersistenceVersion='040000', retainedMessagesPersistenceVersion='040500_R', publishPayloadPersistenceVersion='040500_R', retainedMessagesPersistenceType='FILE_NATIVE', publishPayloadPersistenceType='FILE_NATIVE'}
2024-05-03 11:04:33,740 INFO  - Finished migration.
2024-05-04 13:46:21,763 INFO  - Checking for migrations (HiveMQ version 2024.3).
2024-05-04 13:46:21,764 INFO  - Read metadata file: MetaInformation{hivemqVersion='2024.3', clientSessionPersistenceVersion='040000', queuedMessagesPersistenceVersion='040500', subscriptionPersistenceVersion='040000', retainedMessagesPersistenceVersion='040500_R', publishPayloadPersistenceVersion='040500_R', retainedMessagesPersistenceType='FILE_NATIVE', publishPayloadPersistenceType='FILE_NATIVE'}
2024-05-04 13:46:21,770 INFO  - Nothing to migrate found.
2024-05-04 13:46:21,771 INFO  - Checking for value migrations (HiveMQ version 2024.3).
2024-05-04 13:46:21,771 INFO  - Read metadata file: MetaInformation{hivemqVersion='2024.3', clientSessionPersistenceVersion='040000', queuedMessagesPersistenceVersion='040500', subscriptionPersistenceVersion='040000', retainedMessagesPersistenceVersion='040500_R', publishPayloadPersistenceVersion='040500_R', retainedMessagesPersistenceType='FILE_NATIVE', publishPayloadPersistenceType='FILE_NATIVE'}
2024-05-04 13:46:21,771 INFO  - Nothing to migrate found.
2024-05-04 13:46:22,338 INFO  - Read metadata file: MetaInformation{hivemqVersion='2024.3', clientSessionPersistenceVersion='040000', queuedMessagesPersistenceVersion='040500', subscriptionPersistenceVersion='040000', retainedMessagesPersistenceVersion='040500_R', publishPayloadPersistenceVersion='040500_R', retainedMessagesPersistenceType='FILE_NATIVE', publishPayloadPersistenceType='FILE_NATIVE'}
2024-05-04 13:46:22,341 INFO  - Write metadata file: MetaInformation{hivemqVersion='2024.3', clientSessionPersistenceVersion='040000', queuedMessagesPersistenceVersion='040500', subscriptionPersistenceVersion='040000', retainedMessagesPersistenceVersion='040500_R', publishPayloadPersistenceVersion='040500_R', retainedMessagesPersistenceType='FILE_NATIVE', publishPayloadPersistenceType='FILE_NATIVE'}
2024-05-04 13:46:22,341 INFO  - Finished migration.
2024-05-04 20:33:18,244 INFO  - Checking for migrations (HiveMQ version 2024.3).
2024-05-04 20:33:18,245 INFO  - Read metadata file: MetaInformation{hivemqVersion='2024.3', clientSessionPersistenceVersion='040000', queuedMessagesPersistenceVersion='040500', subscriptionPersistenceVersion='040000', retainedMessagesPersistenceVersion='040500_R', publishPayloadPersistenceVersion='040500_R', retainedMessagesPersistenceType='FILE_NATIVE', publishPayloadPersistenceType='FILE_NATIVE'}
2024-05-04 20:33:18,251 INFO  - Nothing to migrate found.
2024-05-04 20:33:18,252 INFO  - Checking for value migrations (HiveMQ version 2024.3).
2024-05-04 20:33:18,252 INFO  - Read metadata file: MetaInformation{hivemqVersion='2024.3', clientSessionPersistenceVersion='040000', queuedMessagesPersistenceVersion='040500', subscriptionPersistenceVersion='040000', retainedMessagesPersistenceVersion='040500_R', publishPayloadPersistenceVersion='040500_R', retainedMessagesPersistenceType='FILE_NATIVE', publishPayloadPersistenceType='FILE_NATIVE'}
2024-05-04 20:33:18,252 INFO  - Nothing to migrate found.
2024-05-04 20:33:18,886 INFO  - Read metadata file: MetaInformation{hivemqVersion='2024.3', clientSessionPersistenceVersion='040000', queuedMessagesPersistenceVersion='040500', subscriptionPersistenceVersion='040000', retainedMessagesPersistenceVersion='040500_R', publishPayloadPersistenceVersion='040500_R', retainedMessagesPersistenceType='FILE_NATIVE', publishPayloadPersistenceType='FILE_NATIVE'}
2024-05-04 20:33:18,890 INFO  - Write metadata file: MetaInformation{hivemqVersion='2024.3', clientSessionPersistenceVersion='040000', queuedMessagesPersistenceVersion='040500', subscriptionPersistenceVersion='040000', retainedMessagesPersistenceVersion='040500_R', publishPayloadPersistenceVersion='040500_R', retainedMessagesPersistenceType='FILE_NATIVE', publishPayloadPersistenceType='FILE_NATIVE'}
2024-05-04 20:33:18,891 INFO  - Finished migration.
2024-05-04 21:05:56,796 INFO  - Checking for migrations (HiveMQ version 2024.3).
2024-05-04 21:05:56,797 INFO  - Read metadata file: MetaInformation{hivemqVersion='2024.3', clientSessionPersistenceVersion='040000', queuedMessagesPersistenceVersion='040500', subscriptionPersistenceVersion='040000', retainedMessagesPersistenceVersion='040500_R', publishPayloadPersistenceVersion='040500_R', retainedMessagesPersistenceType='FILE_NATIVE', publishPayloadPersistenceType='FILE_NATIVE'}
2024-05-04 21:05:56,809 INFO  - Nothing to migrate found.
2024-05-04 21:05:56,809 INFO  - Checking for value migrations (HiveMQ version 2024.3).
2024-05-04 21:05:56,809 INFO  - Read metadata file: MetaInformation{hivemqVersion='2024.3', clientSessionPersistenceVersion='040000', queuedMessagesPersistenceVersion='040500', subscriptionPersistenceVersion='040000', retainedMessagesPersistenceVersion='040500_R', publishPayloadPersistenceVersion='040500_R', retainedMessagesPersistenceType='FILE_NATIVE', publishPayloadPersistenceType='FILE_NATIVE'}
2024-05-04 21:05:56,810 INFO  - Nothing to migrate found.
2024-05-04 21:05:57,447 INFO  - Read metadata file: MetaInformation{hivemqVersion='2024.3', clientSessionPersistenceVersion='040000', queuedMessagesPersistenceVersion='040500', subscriptionPersistenceVersion='040000', retainedMessagesPersistenceVersion='040500_R', publishPayloadPersistenceVersion='040500_R', retainedMessagesPersistenceType='FILE_NATIVE', publishPayloadPersistenceType='FILE_NATIVE'}
2024-05-04 21:05:57,449 INFO  - Write metadata file: MetaInformation{hivemqVersion='2024.3', clientSessionPersistenceVersion='040000', queuedMessagesPersistenceVersion='040500', subscriptionPersistenceVersion='040000', retainedMessagesPersistenceVersion='040500_R', publishPayloadPersistenceVersion='040500_R', retainedMessagesPersistenceType='FILE_NATIVE', publishPayloadPersistenceType='FILE_NATIVE'}
2024-05-04 21:05:57,449 INFO  - Finished migration.
2024-05-04 21:24:40,021 INFO  - Checking for migrations (HiveMQ version 2024.3).
2024-05-04 21:24:40,023 INFO  - Read metadata file: MetaInformation{hivemqVersion='2024.3', clientSessionPersistenceVersion='040000', queuedMessagesPersistenceVersion='040500', subscriptionPersistenceVersion='040000', retainedMessagesPersistenceVersion='040500_R', publishPayloadPersistenceVersion='040500_R', retainedMessagesPersistenceType='FILE_NATIVE', publishPayloadPersistenceType='FILE_NATIVE'}
2024-05-04 21:24:40,031 INFO  - Nothing to migrate found.
2024-05-04 21:24:40,031 INFO  - Checking for value migrations (HiveMQ version 2024.3).
2024-05-04 21:24:40,031 INFO  - Read metadata file: MetaInformation{hivemqVersion='2024.3', clientSessionPersistenceVersion='040000', queuedMessagesPersistenceVersion='040500', subscriptionPersistenceVersion='040000', retainedMessagesPersistenceVersion='040500_R', publishPayloadPersistenceVersion='040500_R', retainedMessagesPersistenceType='FILE_NATIVE', publishPayloadPersistenceType='FILE_NATIVE'}
2024-05-04 21:24:40,031 INFO  - Nothing to migrate found.
2024-05-04 21:24:40,734 INFO  - Read metadata file: MetaInformation{hivemqVersion='2024.3', clientSessionPersistenceVersion='040000', queuedMessagesPersistenceVersion='040500', subscriptionPersistenceVersion='040000', retainedMessagesPersistenceVersion='040500_R', publishPayloadPersistenceVersion='040500_R', retainedMessagesPersistenceType='FILE_NATIVE', publishPayloadPersistenceType='FILE_NATIVE'}
2024-05-04 21:24:40,736 INFO  - Write metadata file: MetaInformation{hivemqVersion='2024.3', clientSessionPersistenceVersion='040000', queuedMessagesPersistenceVersion='040500', subscriptionPersistenceVersion='040000', retainedMessagesPersistenceVersion='040500_R', publishPayloadPersistenceVersion='040500_R', retainedMessagesPersistenceType='FILE_NATIVE', publishPayloadPersistenceType='FILE_NATIVE'}
2024-05-04 21:24:40,736 INFO  - Finished migration.
2024-05-05 16:22:19,302 INFO  - Checking for migrations (HiveMQ version 2024.3).
2024-05-05 16:22:19,303 INFO  - Read metadata file: MetaInformation{hivemqVersion='2024.3', clientSessionPersistenceVersion='040000', queuedMessagesPersistenceVersion='040500', subscriptionPersistenceVersion='040000', retainedMessagesPersistenceVersion='040500_R', publishPayloadPersistenceVersion='040500_R', retainedMessagesPersistenceType='FILE_NATIVE', publishPayloadPersistenceType='FILE_NATIVE'}
2024-05-05 16:22:19,310 INFO  - Nothing to migrate found.
2024-05-05 16:22:19,310 INFO  - Checking for value migrations (HiveMQ version 2024.3).
2024-05-05 16:22:19,310 INFO  - Read metadata file: MetaInformation{hivemqVersion='2024.3', clientSessionPersistenceVersion='040000', queuedMessagesPersistenceVersion='040500', subscriptionPersistenceVersion='040000', retainedMessagesPersistenceVersion='040500_R', publishPayloadPersistenceVersion='040500_R', retainedMessagesPersistenceType='FILE_NATIVE', publishPayloadPersistenceType='FILE_NATIVE'}
2024-05-05 16:22:19,310 INFO  - Nothing to migrate found.
2024-05-05 16:22:19,952 INFO  - Read metadata file: MetaInformation{hivemqVersion='2024.3', clientSessionPersistenceVersion='040000', queuedMessagesPersistenceVersion='040500', subscriptionPersistenceVersion='040000', retainedMessagesPersistenceVersion='040500_R', publishPayloadPersistenceVersion='040500_R', retainedMessagesPersistenceType='FILE_NATIVE', publishPayloadPersistenceType='FILE_NATIVE'}
2024-05-05 16:22:19,953 INFO  - Write metadata file: MetaInformation{hivemqVersion='2024.3', clientSessionPersistenceVersion='040000', queuedMessagesPersistenceVersion='040500', subscriptionPersistenceVersion='040000', retainedMessagesPersistenceVersion='040500_R', publishPayloadPersistenceVersion='040500_R', retainedMessagesPersistenceType='FILE_NATIVE', publishPayloadPersistenceType='FILE_NATIVE'}
2024-05-05 16:22:19,953 INFO  - Finished migration.
2024-05-06 13:59:21,131 INFO  - Checking for migrations (HiveMQ version 2024.3).
2024-05-06 13:59:21,132 INFO  - Read metadata file: MetaInformation{hivemqVersion='2024.3', clientSessionPersistenceVersion='040000', queuedMessagesPersistenceVersion='040500', subscriptionPersistenceVersion='040000', retainedMessagesPersistenceVersion='040500_R', publishPayloadPersistenceVersion='040500_R', retainedMessagesPersistenceType='FILE_NATIVE', publishPayloadPersistenceType='FILE_NATIVE'}
2024-05-06 13:59:21,138 INFO  - Nothing to migrate found.
2024-05-06 13:59:21,139 INFO  - Checking for value migrations (HiveMQ version 2024.3).
2024-05-06 13:59:21,139 INFO  - Read metadata file: MetaInformation{hivemqVersion='2024.3', clientSessionPersistenceVersion='040000', queuedMessagesPersistenceVersion='040500', subscriptionPersistenceVersion='040000', retainedMessagesPersistenceVersion='040500_R', publishPayloadPersistenceVersion='040500_R', retainedMessagesPersistenceType='FILE_NATIVE', publishPayloadPersistenceType='FILE_NATIVE'}
2024-05-06 13:59:21,139 INFO  - Nothing to migrate found.
2024-05-06 13:59:21,894 INFO  - Read metadata file: MetaInformation{hivemqVersion='2024.3', clientSessionPersistenceVersion='040000', queuedMessagesPersistenceVersion='040500', subscriptionPersistenceVersion='040000', retainedMessagesPersistenceVersion='040500_R', publishPayloadPersistenceVersion='040500_R', retainedMessagesPersistenceType='FILE_NATIVE', publishPayloadPersistenceType='FILE_NATIVE'}
2024-05-06 13:59:21,896 INFO  - Write metadata file: MetaInformation{hivemqVersion='2024.3', clientSessionPersistenceVersion='040000', queuedMessagesPersistenceVersion='040500', subscriptionPersistenceVersion='040000', retainedMessagesPersistenceVersion='040500_R', publishPayloadPersistenceVersion='040500_R', retainedMessagesPersistenceType='FILE_NATIVE', publishPayloadPersistenceType='FILE_NATIVE'}
2024-05-06 13:59:21,896 INFO  - Finished migration.
2024-05-06 21:13:35,320 INFO  - Checking for migrations (HiveMQ version 2024.3).
2024-05-06 21:13:35,321 INFO  - Read metadata file: MetaInformation{hivemqVersion='2024.3', clientSessionPersistenceVersion='040000', queuedMessagesPersistenceVersion='040500', subscriptionPersistenceVersion='040000', retainedMessagesPersistenceVersion='040500_R', publishPayloadPersistenceVersion='040500_R', retainedMessagesPersistenceType='FILE_NATIVE', publishPayloadPersistenceType='FILE_NATIVE'}
2024-05-06 21:13:35,327 INFO  - Nothing to migrate found.
2024-05-06 21:13:35,327 INFO  - Checking for value migrations (HiveMQ version 2024.3).
2024-05-06 21:13:35,327 INFO  - Read metadata file: MetaInformation{hivemqVersion='2024.3', clientSessionPersistenceVersion='040000', queuedMessagesPersistenceVersion='040500', subscriptionPersistenceVersion='040000', retainedMessagesPersistenceVersion='040500_R', publishPayloadPersistenceVersion='040500_R', retainedMessagesPersistenceType='FILE_NATIVE', publishPayloadPersistenceType='FILE_NATIVE'}
2024-05-06 21:13:35,327 INFO  - Nothing to migrate found.
2024-05-06 21:13:35,926 INFO  - Read metadata file: MetaInformation{hivemqVersion='2024.3', clientSessionPersistenceVersion='040000', queuedMessagesPersistenceVersion='040500', subscriptionPersistenceVersion='040000', retainedMessagesPersistenceVersion='040500_R', publishPayloadPersistenceVersion='040500_R', retainedMessagesPersistenceType='FILE_NATIVE', publishPayloadPersistenceType='FILE_NATIVE'}
2024-05-06 21:13:35,928 INFO  - Write metadata file: MetaInformation{hivemqVersion='2024.3', clientSessionPersistenceVersion='040000', queuedMessagesPersistenceVersion='040500', subscriptionPersistenceVersion='040000', retainedMessagesPersistenceVersion='040500_R', publishPayloadPersistenceVersion='040500_R', retainedMessagesPersistenceType='FILE_NATIVE', publishPayloadPersistenceType='FILE_NATIVE'}
2024-05-06 21:13:35,928 INFO  - Finished migration.
2024-05-06 22:09:22,711 INFO  - Checking for migrations (HiveMQ version 2024.3).
2024-05-06 22:09:22,713 INFO  - Read metadata file: MetaInformation{hivemqVersion='2024.3', clientSessionPersistenceVersion='040000', queuedMessagesPersistenceVersion='040500', subscriptionPersistenceVersion='040000', retainedMessagesPersistenceVersion='040500_R', publishPayloadPersistenceVersion='040500_R', retainedMessagesPersistenceType='FILE_NATIVE', publishPayloadPersistenceType='FILE_NATIVE'}
2024-05-06 22:09:22,720 INFO  - Nothing to migrate found.
2024-05-06 22:09:22,720 INFO  - Checking for value migrations (HiveMQ version 2024.3).
2024-05-06 22:09:22,720 INFO  - Read metadata file: MetaInformation{hivemqVersion='2024.3', clientSessionPersistenceVersion='040000', queuedMessagesPersistenceVersion='040500', subscriptionPersistenceVersion='040000', retainedMessagesPersistenceVersion='040500_R', publishPayloadPersistenceVersion='040500_R', retainedMessagesPersistenceType='FILE_NATIVE', publishPayloadPersistenceType='FILE_NATIVE'}
2024-05-06 22:09:22,720 INFO  - Nothing to migrate found.
2024-05-06 22:09:23,430 INFO  - Read metadata file: MetaInformation{hivemqVersion='2024.3', clientSessionPersistenceVersion='040000', queuedMessagesPersistenceVersion='040500', subscriptionPersistenceVersion='040000', retainedMessagesPersistenceVersion='040500_R', publishPayloadPersistenceVersion='040500_R', retainedMessagesPersistenceType='FILE_NATIVE', publishPayloadPersistenceType='FILE_NATIVE'}
2024-05-06 22:09:23,433 INFO  - Write metadata file: MetaInformation{hivemqVersion='2024.3', clientSessionPersistenceVersion='040000', queuedMessagesPersistenceVersion='040500', subscriptionPersistenceVersion='040000', retainedMessagesPersistenceVersion='040500_R', publishPayloadPersistenceVersion='040500_R', retainedMessagesPersistenceType='FILE_NATIVE', publishPayloadPersistenceType='FILE_NATIVE'}
2024-05-06 22:09:23,433 INFO  - Finished migration.
2024-05-07 21:29:04,150 INFO  - Checking for migrations (HiveMQ version 2024.3).
2024-05-07 21:29:04,151 INFO  - Read metadata file: MetaInformation{hivemqVersion='2024.3', clientSessionPersistenceVersion='040000', queuedMessagesPersistenceVersion='040500', subscriptionPersistenceVersion='040000', retainedMessagesPersistenceVersion='040500_R', publishPayloadPersistenceVersion='040500_R', retainedMessagesPersistenceType='FILE_NATIVE', publishPayloadPersistenceType='FILE_NATIVE'}
2024-05-07 21:29:04,159 INFO  - Nothing to migrate found.
2024-05-07 21:29:04,159 INFO  - Checking for value migrations (HiveMQ version 2024.3).
2024-05-07 21:29:04,159 INFO  - Read metadata file: MetaInformation{hivemqVersion='2024.3', clientSessionPersistenceVersion='040000', queuedMessagesPersistenceVersion='040500', subscriptionPersistenceVersion='040000', retainedMessagesPersistenceVersion='040500_R', publishPayloadPersistenceVersion='040500_R', retainedMessagesPersistenceType='FILE_NATIVE', publishPayloadPersistenceType='FILE_NATIVE'}
2024-05-07 21:29:04,159 INFO  - Nothing to migrate found.
2024-05-07 21:29:04,802 INFO  - Read metadata file: MetaInformation{hivemqVersion='2024.3', clientSessionPersistenceVersion='040000', queuedMessagesPersistenceVersion='040500', subscriptionPersistenceVersion='040000', retainedMessagesPersistenceVersion='040500_R', publishPayloadPersistenceVersion='040500_R', retainedMessagesPersistenceType='FILE_NATIVE', publishPayloadPersistenceType='FILE_NATIVE'}
2024-05-07 21:29:04,804 INFO  - Write metadata file: MetaInformation{hivemqVersion='2024.3', clientSessionPersistenceVersion='040000', queuedMessagesPersistenceVersion='040500', subscriptionPersistenceVersion='040000', retainedMessagesPersistenceVersion='040500_R', publishPayloadPersistenceVersion='040500_R', retainedMessagesPersistenceType='FILE_NATIVE', publishPayloadPersistenceType='FILE_NATIVE'}
2024-05-07 21:29:04,804 INFO  - Finished migration.
2024-05-07 22:03:42,293 INFO  - Checking for migrations (HiveMQ version 2024.3).
2024-05-07 22:03:42,294 INFO  - Read metadata file: MetaInformation{hivemqVersion='2024.3', clientSessionPersistenceVersion='040000', queuedMessagesPersistenceVersion='040500', subscriptionPersistenceVersion='040000', retainedMessagesPersistenceVersion='040500_R', publishPayloadPersistenceVersion='040500_R', retainedMessagesPersistenceType='FILE_NATIVE', publishPayloadPersistenceType='FILE_NATIVE'}
2024-05-07 22:03:42,300 INFO  - Nothing to migrate found.
2024-05-07 22:03:42,300 INFO  - Checking for value migrations (HiveMQ version 2024.3).
2024-05-07 22:03:42,300 INFO  - Read metadata file: MetaInformation{hivemqVersion='2024.3', clientSessionPersistenceVersion='040000', queuedMessagesPersistenceVersion='040500', subscriptionPersistenceVersion='040000', retainedMessagesPersistenceVersion='040500_R', publishPayloadPersistenceVersion='040500_R', retainedMessagesPersistenceType='FILE_NATIVE', publishPayloadPersistenceType='FILE_NATIVE'}
2024-05-07 22:03:42,300 INFO  - Nothing to migrate found.
2024-05-07 22:03:42,873 INFO  - Read metadata file: MetaInformation{hivemqVersion='2024.3', clientSessionPersistenceVersion='040000', queuedMessagesPersistenceVersion='040500', subscriptionPersistenceVersion='040000', retainedMessagesPersistenceVersion='040500_R', publishPayloadPersistenceVersion='040500_R', retainedMessagesPersistenceType='FILE_NATIVE', publishPayloadPersistenceType='FILE_NATIVE'}
2024-05-07 22:03:42,875 INFO  - Write metadata file: MetaInformation{hivemqVersion='2024.3', clientSessionPersistenceVersion='040000', queuedMessagesPersistenceVersion='040500', subscriptionPersistenceVersion='040000', retainedMessagesPersistenceVersion='040500_R', publishPayloadPersistenceVersion='040500_R', retainedMessagesPersistenceType='FILE_NATIVE', publishPayloadPersistenceType='FILE_NATIVE'}
2024-05-07 22:03:42,875 INFO  - Finished migration.
2024-05-08 20:12:43,743 INFO  - Checking for migrations (HiveMQ version 2024.3).
2024-05-08 20:12:43,744 INFO  - Read metadata file: MetaInformation{hivemqVersion='2024.3', clientSessionPersistenceVersion='040000', queuedMessagesPersistenceVersion='040500', subscriptionPersistenceVersion='040000', retainedMessagesPersistenceVersion='040500_R', publishPayloadPersistenceVersion='040500_R', retainedMessagesPersistenceType='FILE_NATIVE', publishPayloadPersistenceType='FILE_NATIVE'}
2024-05-08 20:12:43,751 INFO  - Nothing to migrate found.
2024-05-08 20:12:43,751 INFO  - Checking for value migrations (HiveMQ version 2024.3).
2024-05-08 20:12:43,751 INFO  - Read metadata file: MetaInformation{hivemqVersion='2024.3', clientSessionPersistenceVersion='040000', queuedMessagesPersistenceVersion='040500', subscriptionPersistenceVersion='040000', retainedMessagesPersistenceVersion='040500_R', publishPayloadPersistenceVersion='040500_R', retainedMessagesPersistenceType='FILE_NATIVE', publishPayloadPersistenceType='FILE_NATIVE'}
2024-05-08 20:12:43,751 INFO  - Nothing to migrate found.
2024-05-08 20:12:44,444 INFO  - Read metadata file: MetaInformation{hivemqVersion='2024.3', clientSessionPersistenceVersion='040000', queuedMessagesPersistenceVersion='040500', subscriptionPersistenceVersion='040000', retainedMessagesPersistenceVersion='040500_R', publishPayloadPersistenceVersion='040500_R', retainedMessagesPersistenceType='FILE_NATIVE', publishPayloadPersistenceType='FILE_NATIVE'}
2024-05-08 20:12:44,445 INFO  - Write metadata file: MetaInformation{hivemqVersion='2024.3', clientSessionPersistenceVersion='040000', queuedMessagesPersistenceVersion='040500', subscriptionPersistenceVersion='040000', retainedMessagesPersistenceVersion='040500_R', publishPayloadPersistenceVersion='040500_R', retainedMessagesPersistenceType='FILE_NATIVE', publishPayloadPersistenceType='FILE_NATIVE'}
2024-05-08 20:12:44,446 INFO  - Finished migration.
2024-05-11 14:32:33,958 INFO  - Checking for migrations (HiveMQ version 2024.3).
2024-05-11 14:32:33,960 INFO  - Read metadata file: MetaInformation{hivemqVersion='2024.3', clientSessionPersistenceVersion='040000', queuedMessagesPersistenceVersion='040500', subscriptionPersistenceVersion='040000', retainedMessagesPersistenceVersion='040500_R', publishPayloadPersistenceVersion='040500_R', retainedMessagesPersistenceType='FILE_NATIVE', publishPayloadPersistenceType='FILE_NATIVE'}
2024-05-11 14:32:33,971 INFO  - Nothing to migrate found.
2024-05-11 14:32:33,971 INFO  - Checking for value migrations (HiveMQ version 2024.3).
2024-05-11 14:32:33,971 INFO  - Read metadata file: MetaInformation{hivemqVersion='2024.3', clientSessionPersistenceVersion='040000', queuedMessagesPersistenceVersion='040500', subscriptionPersistenceVersion='040000', retainedMessagesPersistenceVersion='040500_R', publishPayloadPersistenceVersion='040500_R', retainedMessagesPersistenceType='FILE_NATIVE', publishPayloadPersistenceType='FILE_NATIVE'}
2024-05-11 14:32:33,971 INFO  - Nothing to migrate found.
2024-05-11 14:32:34,679 INFO  - Read metadata file: MetaInformation{hivemqVersion='2024.3', clientSessionPersistenceVersion='040000', queuedMessagesPersistenceVersion='040500', subscriptionPersistenceVersion='040000', retainedMessagesPersistenceVersion='040500_R', publishPayloadPersistenceVersion='040500_R', retainedMessagesPersistenceType='FILE_NATIVE', publishPayloadPersistenceType='FILE_NATIVE'}
2024-05-11 14:32:34,681 INFO  - Write metadata file: MetaInformation{hivemqVersion='2024.3', clientSessionPersistenceVersion='040000', queuedMessagesPersistenceVersion='040500', subscriptionPersistenceVersion='040000', retainedMessagesPersistenceVersion='040500_R', publishPayloadPersistenceVersion='040500_R', retainedMessagesPersistenceType='FILE_NATIVE', publishPayloadPersistenceType='FILE_NATIVE'}
2024-05-11 14:32:34,682 INFO  - Finished migration.
2024-05-11 15:56:43,486 INFO  - Checking for migrations (HiveMQ version 2024.3).
2024-05-11 15:56:43,487 INFO  - Read metadata file: MetaInformation{hivemqVersion='2024.3', clientSessionPersistenceVersion='040000', queuedMessagesPersistenceVersion='040500', subscriptionPersistenceVersion='040000', retainedMessagesPersistenceVersion='040500_R', publishPayloadPersistenceVersion='040500_R', retainedMessagesPersistenceType='FILE_NATIVE', publishPayloadPersistenceType='FILE_NATIVE'}
2024-05-11 15:56:43,496 INFO  - Nothing to migrate found.
2024-05-11 15:56:43,496 INFO  - Checking for value migrations (HiveMQ version 2024.3).
2024-05-11 15:56:43,496 INFO  - Read metadata file: MetaInformation{hivemqVersion='2024.3', clientSessionPersistenceVersion='040000', queuedMessagesPersistenceVersion='040500', subscriptionPersistenceVersion='040000', retainedMessagesPersistenceVersion='040500_R', publishPayloadPersistenceVersion='040500_R', retainedMessagesPersistenceType='FILE_NATIVE', publishPayloadPersistenceType='FILE_NATIVE'}
2024-05-11 15:56:43,496 INFO  - Nothing to migrate found.
2024-05-11 15:56:44,102 INFO  - Read metadata file: MetaInformation{hivemqVersion='2024.3', clientSessionPersistenceVersion='040000', queuedMessagesPersistenceVersion='040500', subscriptionPersistenceVersion='040000', retainedMessagesPersistenceVersion='040500_R', publishPayloadPersistenceVersion='040500_R', retainedMessagesPersistenceType='FILE_NATIVE', publishPayloadPersistenceType='FILE_NATIVE'}
2024-05-11 15:56:44,103 INFO  - Write metadata file: MetaInformation{hivemqVersion='2024.3', clientSessionPersistenceVersion='040000', queuedMessagesPersistenceVersion='040500', subscriptionPersistenceVersion='040000', retainedMessagesPersistenceVersion='040500_R', publishPayloadPersistenceVersion='040500_R', retainedMessagesPersistenceType='FILE_NATIVE', publishPayloadPersistenceType='FILE_NATIVE'}
2024-05-11 15:56:44,104 INFO  - Finished migration.
2024-05-11 18:27:18,153 INFO  - Checking for migrations (HiveMQ version 2024.3).
2024-05-11 18:27:18,154 INFO  - Read metadata file: MetaInformation{hivemqVersion='2024.3', clientSessionPersistenceVersion='040000', queuedMessagesPersistenceVersion='040500', subscriptionPersistenceVersion='040000', retainedMessagesPersistenceVersion='040500_R', publishPayloadPersistenceVersion='040500_R', retainedMessagesPersistenceType='FILE_NATIVE', publishPayloadPersistenceType='FILE_NATIVE'}
2024-05-11 18:27:18,161 INFO  - Nothing to migrate found.
2024-05-11 18:27:18,161 INFO  - Checking for value migrations (HiveMQ version 2024.3).
2024-05-11 18:27:18,161 INFO  - Read metadata file: MetaInformation{hivemqVersion='2024.3', clientSessionPersistenceVersion='040000', queuedMessagesPersistenceVersion='040500', subscriptionPersistenceVersion='040000', retainedMessagesPersistenceVersion='040500_R', publishPayloadPersistenceVersion='040500_R', retainedMessagesPersistenceType='FILE_NATIVE', publishPayloadPersistenceType='FILE_NATIVE'}
2024-05-11 18:27:18,161 INFO  - Nothing to migrate found.
2024-05-11 18:27:18,806 INFO  - Read metadata file: MetaInformation{hivemqVersion='2024.3', clientSessionPersistenceVersion='040000', queuedMessagesPersistenceVersion='040500', subscriptionPersistenceVersion='040000', retainedMessagesPersistenceVersion='040500_R', publishPayloadPersistenceVersion='040500_R', retainedMessagesPersistenceType='FILE_NATIVE', publishPayloadPersistenceType='FILE_NATIVE'}
2024-05-11 18:27:18,808 INFO  - Write metadata file: MetaInformation{hivemqVersion='2024.3', clientSessionPersistenceVersion='040000', queuedMessagesPersistenceVersion='040500', subscriptionPersistenceVersion='040000', retainedMessagesPersistenceVersion='040500_R', publishPayloadPersistenceVersion='040500_R', retainedMessagesPersistenceType='FILE_NATIVE', publishPayloadPersistenceType='FILE_NATIVE'}
2024-05-11 18:27:18,808 INFO  - Finished migration.
2024-05-11 19:21:19,114 INFO  - Checking for migrations (HiveMQ version 2024.3).
2024-05-11 19:21:19,115 INFO  - Read metadata file: MetaInformation{hivemqVersion='2024.3', clientSessionPersistenceVersion='040000', queuedMessagesPersistenceVersion='040500', subscriptionPersistenceVersion='040000', retainedMessagesPersistenceVersion='040500_R', publishPayloadPersistenceVersion='040500_R', retainedMessagesPersistenceType='FILE_NATIVE', publishPayloadPersistenceType='FILE_NATIVE'}
2024-05-11 19:21:19,121 INFO  - Nothing to migrate found.
2024-05-11 19:21:19,121 INFO  - Checking for value migrations (HiveMQ version 2024.3).
2024-05-11 19:21:19,121 INFO  - Read metadata file: MetaInformation{hivemqVersion='2024.3', clientSessionPersistenceVersion='040000', queuedMessagesPersistenceVersion='040500', subscriptionPersistenceVersion='040000', retainedMessagesPersistenceVersion='040500_R', publishPayloadPersistenceVersion='040500_R', retainedMessagesPersistenceType='FILE_NATIVE', publishPayloadPersistenceType='FILE_NATIVE'}
2024-05-11 19:21:19,121 INFO  - Nothing to migrate found.
2024-05-11 19:21:19,653 INFO  - Read metadata file: MetaInformation{hivemqVersion='2024.3', clientSessionPersistenceVersion='040000', queuedMessagesPersistenceVersion='040500', subscriptionPersistenceVersion='040000', retainedMessagesPersistenceVersion='040500_R', publishPayloadPersistenceVersion='040500_R', retainedMessagesPersistenceType='FILE_NATIVE', publishPayloadPersistenceType='FILE_NATIVE'}
2024-05-11 19:21:19,655 INFO  - Write metadata file: MetaInformation{hivemqVersion='2024.3', clientSessionPersistenceVersion='040000', queuedMessagesPersistenceVersion='040500', subscriptionPersistenceVersion='040000', retainedMessagesPersistenceVersion='040500_R', publishPayloadPersistenceVersion='040500_R', retainedMessagesPersistenceType='FILE_NATIVE', publishPayloadPersistenceType='FILE_NATIVE'}
2024-05-11 19:21:19,655 INFO  - Finished migration.
2024-05-12 01:00:50,193 INFO  - Checking for migrations (HiveMQ version 2024.3).
2024-05-12 01:00:50,194 INFO  - Read metadata file: MetaInformation{hivemqVersion='2024.3', clientSessionPersistenceVersion='040000', queuedMessagesPersistenceVersion='040500', subscriptionPersistenceVersion='040000', retainedMessagesPersistenceVersion='040500_R', publishPayloadPersistenceVersion='040500_R', retainedMessagesPersistenceType='FILE_NATIVE', publishPayloadPersistenceType='FILE_NATIVE'}
2024-05-12 01:00:50,201 INFO  - Nothing to migrate found.
2024-05-12 01:00:50,201 INFO  - Checking for value migrations (HiveMQ version 2024.3).
2024-05-12 01:00:50,201 INFO  - Read metadata file: MetaInformation{hivemqVersion='2024.3', clientSessionPersistenceVersion='040000', queuedMessagesPersistenceVersion='040500', subscriptionPersistenceVersion='040000', retainedMessagesPersistenceVersion='040500_R', publishPayloadPersistenceVersion='040500_R', retainedMessagesPersistenceType='FILE_NATIVE', publishPayloadPersistenceType='FILE_NATIVE'}
2024-05-12 01:00:50,201 INFO  - Nothing to migrate found.
2024-05-12 01:00:50,829 INFO  - Read metadata file: MetaInformation{hivemqVersion='2024.3', clientSessionPersistenceVersion='040000', queuedMessagesPersistenceVersion='040500', subscriptionPersistenceVersion='040000', retainedMessagesPersistenceVersion='040500_R', publishPayloadPersistenceVersion='040500_R', retainedMessagesPersistenceType='FILE_NATIVE', publishPayloadPersistenceType='FILE_NATIVE'}
2024-05-12 01:00:50,832 INFO  - Write metadata file: MetaInformation{hivemqVersion='2024.3', clientSessionPersistenceVersion='040000', queuedMessagesPersistenceVersion='040500', subscriptionPersistenceVersion='040000', retainedMessagesPersistenceVersion='040500_R', publishPayloadPersistenceVersion='040500_R', retainedMessagesPersistenceType='FILE_NATIVE', publishPayloadPersistenceType='FILE_NATIVE'}
2024-05-12 01:00:50,832 INFO  - Finished migration.
2024-05-12 10:36:59,222 INFO  - Checking for migrations (HiveMQ version 2024.3).
2024-05-12 10:36:59,223 INFO  - Read metadata file: MetaInformation{hivemqVersion='2024.3', clientSessionPersistenceVersion='040000', queuedMessagesPersistenceVersion='040500', subscriptionPersistenceVersion='040000', retainedMessagesPersistenceVersion='040500_R', publishPayloadPersistenceVersion='040500_R', retainedMessagesPersistenceType='FILE_NATIVE', publishPayloadPersistenceType='FILE_NATIVE'}
2024-05-12 10:36:59,230 INFO  - Nothing to migrate found.
2024-05-12 10:36:59,230 INFO  - Checking for value migrations (HiveMQ version 2024.3).
2024-05-12 10:36:59,230 INFO  - Read metadata file: MetaInformation{hivemqVersion='2024.3', clientSessionPersistenceVersion='040000', queuedMessagesPersistenceVersion='040500', subscriptionPersistenceVersion='040000', retainedMessagesPersistenceVersion='040500_R', publishPayloadPersistenceVersion='040500_R', retainedMessagesPersistenceType='FILE_NATIVE', publishPayloadPersistenceType='FILE_NATIVE'}
2024-05-12 10:36:59,230 INFO  - Nothing to migrate found.
2024-05-12 10:36:59,939 INFO  - Read metadata file: MetaInformation{hivemqVersion='2024.3', clientSessionPersistenceVersion='040000', queuedMessagesPersistenceVersion='040500', subscriptionPersistenceVersion='040000', retainedMessagesPersistenceVersion='040500_R', publishPayloadPersistenceVersion='040500_R', retainedMessagesPersistenceType='FILE_NATIVE', publishPayloadPersistenceType='FILE_NATIVE'}
2024-05-12 10:36:59,941 INFO  - Write metadata file: MetaInformation{hivemqVersion='2024.3', clientSessionPersistenceVersion='040000', queuedMessagesPersistenceVersion='040500', subscriptionPersistenceVersion='040000', retainedMessagesPersistenceVersion='040500_R', publishPayloadPersistenceVersion='040500_R', retainedMessagesPersistenceType='FILE_NATIVE', publishPayloadPersistenceType='FILE_NATIVE'}
2024-05-12 10:36:59,942 INFO  - Finished migration.
2024-05-12 10:47:41,104 INFO  - Checking for migrations (HiveMQ version 2024.3).
2024-05-12 10:47:41,105 INFO  - Read metadata file: MetaInformation{hivemqVersion='2024.3', clientSessionPersistenceVersion='040000', queuedMessagesPersistenceVersion='040500', subscriptionPersistenceVersion='040000', retainedMessagesPersistenceVersion='040500_R', publishPayloadPersistenceVersion='040500_R', retainedMessagesPersistenceType='FILE_NATIVE', publishPayloadPersistenceType='FILE_NATIVE'}
2024-05-12 10:47:41,111 INFO  - Nothing to migrate found.
2024-05-12 10:47:41,111 INFO  - Checking for value migrations (HiveMQ version 2024.3).
2024-05-12 10:47:41,111 INFO  - Read metadata file: MetaInformation{hivemqVersion='2024.3', clientSessionPersistenceVersion='040000', queuedMessagesPersistenceVersion='040500', subscriptionPersistenceVersion='040000', retainedMessagesPersistenceVersion='040500_R', publishPayloadPersistenceVersion='040500_R', retainedMessagesPersistenceType='FILE_NATIVE', publishPayloadPersistenceType='FILE_NATIVE'}
2024-05-12 10:47:41,111 INFO  - Nothing to migrate found.
2024-05-12 10:47:41,686 INFO  - Read metadata file: MetaInformation{hivemqVersion='2024.3', clientSessionPersistenceVersion='040000', queuedMessagesPersistenceVersion='040500', subscriptionPersistenceVersion='040000', retainedMessagesPersistenceVersion='040500_R', publishPayloadPersistenceVersion='040500_R', retainedMessagesPersistenceType='FILE_NATIVE', publishPayloadPersistenceType='FILE_NATIVE'}
2024-05-12 10:47:41,689 INFO  - Write metadata file: MetaInformation{hivemqVersion='2024.3', clientSessionPersistenceVersion='040000', queuedMessagesPersistenceVersion='040500', subscriptionPersistenceVersion='040000', retainedMessagesPersistenceVersion='040500_R', publishPayloadPersistenceVersion='040500_R', retainedMessagesPersistenceType='FILE_NATIVE', publishPayloadPersistenceType='FILE_NATIVE'}
2024-05-12 10:47:41,689 INFO  - Finished migration.
2024-05-12 12:43:20,972 INFO  - Checking for migrations (HiveMQ version 2024.3).
2024-05-12 12:43:20,973 INFO  - Read metadata file: MetaInformation{hivemqVersion='2024.3', clientSessionPersistenceVersion='040000', queuedMessagesPersistenceVersion='040500', subscriptionPersistenceVersion='040000', retainedMessagesPersistenceVersion='040500_R', publishPayloadPersistenceVersion='040500_R', retainedMessagesPersistenceType='FILE_NATIVE', publishPayloadPersistenceType='FILE_NATIVE'}
2024-05-12 12:43:20,979 INFO  - Nothing to migrate found.
2024-05-12 12:43:20,979 INFO  - Checking for value migrations (HiveMQ version 2024.3).
2024-05-12 12:43:20,979 INFO  - Read metadata file: MetaInformation{hivemqVersion='2024.3', clientSessionPersistenceVersion='040000', queuedMessagesPersistenceVersion='040500', subscriptionPersistenceVersion='040000', retainedMessagesPersistenceVersion='040500_R', publishPayloadPersistenceVersion='040500_R', retainedMessagesPersistenceType='FILE_NATIVE', publishPayloadPersistenceType='FILE_NATIVE'}
2024-05-12 12:43:20,979 INFO  - Nothing to migrate found.
2024-05-12 12:43:21,646 INFO  - Read metadata file: MetaInformation{hivemqVersion='2024.3', clientSessionPersistenceVersion='040000', queuedMessagesPersistenceVersion='040500', subscriptionPersistenceVersion='040000', retainedMessagesPersistenceVersion='040500_R', publishPayloadPersistenceVersion='040500_R', retainedMessagesPersistenceType='FILE_NATIVE', publishPayloadPersistenceType='FILE_NATIVE'}
2024-05-12 12:43:21,648 INFO  - Write metadata file: MetaInformation{hivemqVersion='2024.3', clientSessionPersistenceVersion='040000', queuedMessagesPersistenceVersion='040500', subscriptionPersistenceVersion='040000', retainedMessagesPersistenceVersion='040500_R', publishPayloadPersistenceVersion='040500_R', retainedMessagesPersistenceType='FILE_NATIVE', publishPayloadPersistenceType='FILE_NATIVE'}
2024-05-12 12:43:21,648 INFO  - Finished migration.
2024-05-12 12:44:01,935 INFO  - Checking for migrations (HiveMQ version 2024.3).
2024-05-12 12:44:01,936 INFO  - Read metadata file: MetaInformation{hivemqVersion='2024.3', clientSessionPersistenceVersion='040000', queuedMessagesPersistenceVersion='040500', subscriptionPersistenceVersion='040000', retainedMessagesPersistenceVersion='040500_R', publishPayloadPersistenceVersion='040500_R', retainedMessagesPersistenceType='FILE_NATIVE', publishPayloadPersistenceType='FILE_NATIVE'}
2024-05-12 12:44:01,942 INFO  - Nothing to migrate found.
2024-05-12 12:44:01,942 INFO  - Checking for value migrations (HiveMQ version 2024.3).
2024-05-12 12:44:01,942 INFO  - Read metadata file: MetaInformation{hivemqVersion='2024.3', clientSessionPersistenceVersion='040000', queuedMessagesPersistenceVersion='040500', subscriptionPersistenceVersion='040000', retainedMessagesPersistenceVersion='040500_R', publishPayloadPersistenceVersion='040500_R', retainedMessagesPersistenceType='FILE_NATIVE', publishPayloadPersistenceType='FILE_NATIVE'}
2024-05-12 12:44:01,942 INFO  - Nothing to migrate found.
2024-05-12 12:44:02,557 INFO  - Read metadata file: MetaInformation{hivemqVersion='2024.3', clientSessionPersistenceVersion='040000', queuedMessagesPersistenceVersion='040500', subscriptionPersistenceVersion='040000', retainedMessagesPersistenceVersion='040500_R', publishPayloadPersistenceVersion='040500_R', retainedMessagesPersistenceType='FILE_NATIVE', publishPayloadPersistenceType='FILE_NATIVE'}
2024-05-12 12:44:02,559 INFO  - Write metadata file: MetaInformation{hivemqVersion='2024.3', clientSessionPersistenceVersion='040000', queuedMessagesPersistenceVersion='040500', subscriptionPersistenceVersion='040000', retainedMessagesPersistenceVersion='040500_R', publishPayloadPersistenceVersion='040500_R', retainedMessagesPersistenceType='FILE_NATIVE', publishPayloadPersistenceType='FILE_NATIVE'}
2024-05-12 12:44:02,559 INFO  - Finished migration.
